# INPUT PARAMETERS GIVEN
# TAG = aafc00a1ae5e1b2b9b0dd390dd2e049a_Dual_purity 
# Facets version = 0.3.9 
# Input = countsMerged____aafc00a1ae5e1b2b9b0dd390dd2e049a____ab314632ca8924730acc9b9b321e02d7.dat.gz 
# Seed = 
# snp.nbhd = 250 
# ndepth = 35 
# purity_cval =  NA 
# cval = 300 
# min.nhet = 25 
# genome = hg19 

# LOADED MODULE INFO
# Package: facets 
# LibPath: /opt/common/CentOS_6-dev/R/R-3.1.3/lib64/R/library 
# Version: 0.3.9 
# Built: 3.1.3 


# FACETS OUTPUT
# Purity = 0.2734026 
# Ploidy = 1.953153 
# dipLogR = 0.009268844 
# dipt = 
# loglik = 133.1827 
# output flags
# 
