# INPUT PARAMETERS GIVEN
# TAG = 534337201be7ca6b06b4aa5b344e2213_Dual_purity 
# Facets version = 0.3.9 
# Input = countsMerged____534337201be7ca6b06b4aa5b344e2213____339ee5e287464c9bf8d64b1a45162b67.dat.gz 
# Seed = 
# snp.nbhd = 250 
# ndepth = 35 
# purity_cval =  NA 
# cval = 300 
# min.nhet = 25 
# genome = hg19 

# LOADED MODULE INFO
# Package: facets 
# LibPath: /opt/common/CentOS_6-dev/R/R-3.1.3/lib64/R/library 
# Version: 0.3.9 
# Built: 3.1.3 


# FACETS OUTPUT
# Purity = 0.6085301 
# Ploidy = 1.942037 
# dipLogR = 0.02567038 
# dipt = 
# loglik = 172.5008 
# output flags
# mafR not sufficiently small
