# INPUT PARAMETERS GIVEN
# TAG = 10d85d009df4ff9f97b61da04d2f86b7_Dual_purity 
# Facets version = 0.3.9 
# Input = countsMerged____10d85d009df4ff9f97b61da04d2f86b7____bd202014e6ff02cb8ba96e45d81e568b.dat.gz 
# Seed = 
# snp.nbhd = 250 
# ndepth = 35 
# purity_cval =  NA 
# cval = 300 
# min.nhet = 25 
# genome = hg19 

# LOADED MODULE INFO
# Package: facets 
# LibPath: /opt/common/CentOS_6-dev/R/R-3.1.3/lib64/R/library 
# Version: 0.3.9 
# Built: 3.1.3 


# FACETS OUTPUT
# Purity = 0.2095446 
# Ploidy = 2.195161 
# dipLogR = -0.02920186 
# dipt = 
# loglik = 153.5366 
# output flags
# possibly subclonal 2+2 states present
